{"/home/korotchenkosv/frontend-project-46/index.js": {"path":"/home/korotchenkosv/frontend-project-46/index.js","statementMap":{},"fnMap":{},"branchMap":{},"s":{},"f":{},"b":{},"inputSourceMap":null,"_coverageSchema":"1a1c01bbd47fc00a2c39e90264f33305004495a9","hash":"c79353339806c4456bc8bfc85b2611b5963d3864"}
,"/home/korotchenkosv/frontend-project-46/src/compareData.js": {"path":"/home/korotchenkosv/frontend-project-46/src/compareData.js","statementMap":{"0":{"start":{"line":3,"column":27},"end":{"line":55,"column":1}},"1":{"start":{"line":4,"column":16},"end":{"line":4,"column":33}},"2":{"start":{"line":5,"column":16},"end":{"line":5,"column":33}},"3":{"start":{"line":6,"column":15},"end":{"line":6,"column":46}},"4":{"start":{"line":8,"column":2},"end":{"line":10,"column":3}},"5":{"start":{"line":9,"column":4},"end":{"line":9,"column":13}},"6":{"start":{"line":12,"column":2},"end":{"line":54,"column":4}},"7":{"start":{"line":13,"column":19},"end":{"line":13,"column":28}},"8":{"start":{"line":14,"column":19},"end":{"line":14,"column":28}},"9":{"start":{"line":16,"column":4},"end":{"line":22,"column":5}},"10":{"start":{"line":17,"column":6},"end":{"line":21,"column":7}},"11":{"start":{"line":24,"column":4},"end":{"line":30,"column":5}},"12":{"start":{"line":25,"column":6},"end":{"line":29,"column":7}},"13":{"start":{"line":32,"column":4},"end":{"line":38,"column":5}},"14":{"start":{"line":33,"column":6},"end":{"line":37,"column":7}},"15":{"start":{"line":40,"column":4},"end":{"line":47,"column":5}},"16":{"start":{"line":41,"column":6},"end":{"line":46,"column":7}},"17":{"start":{"line":49,"column":4},"end":{"line":53,"column":5}}},"fnMap":{"0":{"name":"(anonymous_0)","decl":{"start":{"line":3,"column":27},"end":{"line":3,"column":28}},"loc":{"start":{"line":3,"column":43},"end":{"line":55,"column":1}},"line":3},"1":{"name":"(anonymous_1)","decl":{"start":{"line":12,"column":18},"end":{"line":12,"column":19}},"loc":{"start":{"line":12,"column":27},"end":{"line":54,"column":3}},"line":12}},"branchMap":{"0":{"loc":{"start":{"line":8,"column":2},"end":{"line":10,"column":3}},"type":"if","locations":[{"start":{"line":8,"column":2},"end":{"line":10,"column":3}},{"start":{},"end":{}}],"line":8},"1":{"loc":{"start":{"line":16,"column":4},"end":{"line":22,"column":5}},"type":"if","locations":[{"start":{"line":16,"column":4},"end":{"line":22,"column":5}},{"start":{},"end":{}}],"line":16},"2":{"loc":{"start":{"line":16,"column":8},"end":{"line":16,"column":48}},"type":"binary-expr","locations":[{"start":{"line":16,"column":8},"end":{"line":16,"column":26}},{"start":{"line":16,"column":30},"end":{"line":16,"column":48}}],"line":16},"3":{"loc":{"start":{"line":24,"column":4},"end":{"line":30,"column":5}},"type":"if","locations":[{"start":{"line":24,"column":4},"end":{"line":30,"column":5}},{"start":{},"end":{}}],"line":24},"4":{"loc":{"start":{"line":32,"column":4},"end":{"line":38,"column":5}},"type":"if","locations":[{"start":{"line":32,"column":4},"end":{"line":38,"column":5}},{"start":{},"end":{}}],"line":32},"5":{"loc":{"start":{"line":40,"column":4},"end":{"line":47,"column":5}},"type":"if","locations":[{"start":{"line":40,"column":4},"end":{"line":47,"column":5}},{"start":{},"end":{}}],"line":40}},"s":{"0":1,"1":30,"2":30,"3":30,"4":30,"5":0,"6":30,"7":108,"8":108,"9":108,"10":24,"11":84,"12":30,"13":54,"14":12,"15":42,"16":24,"17":18},"f":{"0":30,"1":108},"b":{"0":[0,30],"1":[24,84],"2":[108,36],"3":[30,54],"4":[12,42],"5":[24,18]},"inputSourceMap":null,"_coverageSchema":"1a1c01bbd47fc00a2c39e90264f33305004495a9","hash":"e5cab9f9ab593bbf15d7c87e3b70394383f8ac6c"}
,"/home/korotchenkosv/frontend-project-46/src/index.js": {"path":"/home/korotchenkosv/frontend-project-46/src/index.js","statementMap":{"0":{"start":{"line":5,"column":16},"end":{"line":23,"column":1}},"1":{"start":{"line":7,"column":22},"end":{"line":7,"column":37}},"2":{"start":{"line":8,"column":22},"end":{"line":8,"column":37}},"3":{"start":{"line":11,"column":21},"end":{"line":11,"column":40}},"4":{"start":{"line":12,"column":21},"end":{"line":12,"column":40}},"5":{"start":{"line":15,"column":22},"end":{"line":15,"column":52}},"6":{"start":{"line":16,"column":22},"end":{"line":16,"column":52}},"7":{"start":{"line":19,"column":19},"end":{"line":19,"column":63}},"8":{"start":{"line":22,"column":2},"end":{"line":22,"column":38}}},"fnMap":{"0":{"name":"(anonymous_0)","decl":{"start":{"line":5,"column":16},"end":{"line":5,"column":17}},"loc":{"start":{"line":5,"column":54},"end":{"line":23,"column":1}},"line":5}},"branchMap":{"0":{"loc":{"start":{"line":5,"column":31},"end":{"line":5,"column":49}},"type":"default-arg","locations":[{"start":{"line":5,"column":40},"end":{"line":5,"column":49}}],"line":5}},"s":{"0":1,"1":6,"2":6,"3":6,"4":6,"5":6,"6":6,"7":6,"8":6},"f":{"0":6},"b":{"0":[0]},"inputSourceMap":null,"_coverageSchema":"1a1c01bbd47fc00a2c39e90264f33305004495a9","hash":"b2c2a24de5e26f6b4a69c4987f9684fc4187190a"}
,"/home/korotchenkosv/frontend-project-46/src/parsers.js": {"path":"/home/korotchenkosv/frontend-project-46/src/parsers.js","statementMap":{"0":{"start":{"line":5,"column":24},"end":{"line":5,"column":65}},"1":{"start":{"line":5,"column":32},"end":{"line":5,"column":65}},"2":{"start":{"line":7,"column":17},"end":{"line":12,"column":1}},"3":{"start":{"line":8,"column":2},"end":{"line":10,"column":3}},"4":{"start":{"line":9,"column":4},"end":{"line":9,"column":50}},"5":{"start":{"line":11,"column":2},"end":{"line":11,"column":60}},"6":{"start":{"line":14,"column":21},"end":{"line":14,"column":56}},"7":{"start":{"line":14,"column":29},"end":{"line":14,"column":56}},"8":{"start":{"line":16,"column":14},"end":{"line":26,"column":1}},"9":{"start":{"line":17,"column":2},"end":{"line":25,"column":3}},"10":{"start":{"line":19,"column":6},"end":{"line":19,"column":29}},"11":{"start":{"line":22,"column":6},"end":{"line":22,"column":28}},"12":{"start":{"line":24,"column":6},"end":{"line":24,"column":54}}},"fnMap":{"0":{"name":"(anonymous_0)","decl":{"start":{"line":5,"column":24},"end":{"line":5,"column":25}},"loc":{"start":{"line":5,"column":32},"end":{"line":5,"column":65}},"line":5},"1":{"name":"(anonymous_1)","decl":{"start":{"line":7,"column":17},"end":{"line":7,"column":18}},"loc":{"start":{"line":7,"column":31},"end":{"line":12,"column":1}},"line":7},"2":{"name":"(anonymous_2)","decl":{"start":{"line":14,"column":21},"end":{"line":14,"column":22}},"loc":{"start":{"line":14,"column":29},"end":{"line":14,"column":56}},"line":14},"3":{"name":"(anonymous_3)","decl":{"start":{"line":16,"column":14},"end":{"line":16,"column":15}},"loc":{"start":{"line":16,"column":32},"end":{"line":26,"column":1}},"line":16}},"branchMap":{"0":{"loc":{"start":{"line":8,"column":2},"end":{"line":10,"column":3}},"type":"if","locations":[{"start":{"line":8,"column":2},"end":{"line":10,"column":3}},{"start":{},"end":{}}],"line":8},"1":{"loc":{"start":{"line":17,"column":2},"end":{"line":25,"column":3}},"type":"switch","locations":[{"start":{"line":18,"column":4},"end":{"line":19,"column":29}},{"start":{"line":20,"column":4},"end":{"line":20,"column":15}},{"start":{"line":21,"column":4},"end":{"line":22,"column":28}},{"start":{"line":23,"column":4},"end":{"line":24,"column":54}}],"line":17}},"s":{"0":1,"1":12,"2":1,"3":12,"4":0,"5":12,"6":1,"7":12,"8":1,"9":12,"10":6,"11":6,"12":0},"f":{"0":12,"1":12,"2":12,"3":12},"b":{"0":[0,12],"1":[6,0,6,0]},"inputSourceMap":null,"_coverageSchema":"1a1c01bbd47fc00a2c39e90264f33305004495a9","hash":"39ea34c738382869139ae8df6fe231eab9966692"}
,"/home/korotchenkosv/frontend-project-46/src/formatters/index.js": {"path":"/home/korotchenkosv/frontend-project-46/src/formatters/index.js","statementMap":{"0":{"start":{"line":5,"column":20},"end":{"line":16,"column":1}},"1":{"start":{"line":6,"column":2},"end":{"line":15,"column":3}},"2":{"start":{"line":8,"column":6},"end":{"line":8,"column":34}},"3":{"start":{"line":10,"column":6},"end":{"line":10,"column":32}},"4":{"start":{"line":12,"column":6},"end":{"line":12,"column":31}},"5":{"start":{"line":14,"column":6},"end":{"line":14,"column":54}}},"fnMap":{"0":{"name":"(anonymous_0)","decl":{"start":{"line":5,"column":20},"end":{"line":5,"column":21}},"loc":{"start":{"line":5,"column":42},"end":{"line":16,"column":1}},"line":5}},"branchMap":{"0":{"loc":{"start":{"line":6,"column":2},"end":{"line":15,"column":3}},"type":"switch","locations":[{"start":{"line":7,"column":4},"end":{"line":8,"column":34}},{"start":{"line":9,"column":4},"end":{"line":10,"column":32}},{"start":{"line":11,"column":4},"end":{"line":12,"column":31}},{"start":{"line":13,"column":4},"end":{"line":14,"column":54}}],"line":6}},"s":{"0":1,"1":6,"2":2,"3":2,"4":2,"5":0},"f":{"0":6},"b":{"0":[2,2,2,0]},"inputSourceMap":null,"_coverageSchema":"1a1c01bbd47fc00a2c39e90264f33305004495a9","hash":"65020251b936b75f7a05b2a22aa07ca4a39f3925"}
,"/home/korotchenkosv/frontend-project-46/src/formatters/json.js": {"path":"/home/korotchenkosv/frontend-project-46/src/formatters/json.js","statementMap":{"0":{"start":{"line":1,"column":19},"end":{"line":1,"column":78}},"1":{"start":{"line":1,"column":47},"end":{"line":1,"column":78}},"2":{"start":{"line":3,"column":18},"end":{"line":22,"column":1}},"3":{"start":{"line":4,"column":20},"end":{"line":4,"column":32}},"4":{"start":{"line":6,"column":2},"end":{"line":15,"column":3}},"5":{"start":{"line":7,"column":19},"end":{"line":7,"column":40}},"6":{"start":{"line":8,"column":26},"end":{"line":8,"column":43}},"7":{"start":{"line":10,"column":18},"end":{"line":13,"column":18}},"8":{"start":{"line":12,"column":27},"end":{"line":12,"column":76}},"9":{"start":{"line":14,"column":4},"end":{"line":14,"column":43}},"10":{"start":{"line":17,"column":2},"end":{"line":19,"column":3}},"11":{"start":{"line":18,"column":4},"end":{"line":18,"column":21}},"12":{"start":{"line":21,"column":2},"end":{"line":21,"column":21}},"13":{"start":{"line":24,"column":25},"end":{"line":37,"column":1}},"14":{"start":{"line":25,"column":17},"end":{"line":25,"column":38}},"15":{"start":{"line":26,"column":24},"end":{"line":26,"column":41}},"16":{"start":{"line":28,"column":2},"end":{"line":30,"column":3}},"17":{"start":{"line":29,"column":4},"end":{"line":29,"column":104}},"18":{"start":{"line":32,"column":2},"end":{"line":34,"column":3}},"19":{"start":{"line":33,"column":4},"end":{"line":33,"column":135}},"20":{"start":{"line":36,"column":2},"end":{"line":36,"column":122}},"21":{"start":{"line":39,"column":17},"end":{"line":69,"column":1}},"22":{"start":{"line":40,"column":2},"end":{"line":42,"column":3}},"23":{"start":{"line":41,"column":4},"end":{"line":41,"column":25}},"24":{"start":{"line":44,"column":17},"end":{"line":44,"column":34}},"25":{"start":{"line":45,"column":24},"end":{"line":45,"column":45}},"26":{"start":{"line":47,"column":16},"end":{"line":66,"column":4}},"27":{"start":{"line":50,"column":8},"end":{"line":50,"column":12}},"28":{"start":{"line":52,"column":4},"end":{"line":65,"column":5}},"29":{"start":{"line":54,"column":8},"end":{"line":54,"column":68}},"30":{"start":{"line":56,"column":8},"end":{"line":56,"column":62}},"31":{"start":{"line":58,"column":8},"end":{"line":58,"column":62}},"32":{"start":{"line":60,"column":8},"end":{"line":60,"column":62}},"33":{"start":{"line":62,"column":8},"end":{"line":62,"column":82}},"34":{"start":{"line":64,"column":8},"end":{"line":64,"column":52}},"35":{"start":{"line":68,"column":2},"end":{"line":68,"column":53}}},"fnMap":{"0":{"name":"(anonymous_0)","decl":{"start":{"line":1,"column":19},"end":{"line":1,"column":20}},"loc":{"start":{"line":1,"column":47},"end":{"line":1,"column":78}},"line":1},"1":{"name":"(anonymous_1)","decl":{"start":{"line":3,"column":18},"end":{"line":3,"column":19}},"loc":{"start":{"line":3,"column":40},"end":{"line":22,"column":1}},"line":3},"2":{"name":"(anonymous_2)","decl":{"start":{"line":12,"column":11},"end":{"line":12,"column":12}},"loc":{"start":{"line":12,"column":27},"end":{"line":12,"column":76}},"line":12},"3":{"name":"(anonymous_3)","decl":{"start":{"line":24,"column":25},"end":{"line":24,"column":26}},"loc":{"start":{"line":24,"column":56},"end":{"line":37,"column":1}},"line":24},"4":{"name":"(anonymous_4)","decl":{"start":{"line":39,"column":17},"end":{"line":39,"column":18}},"loc":{"start":{"line":39,"column":42},"end":{"line":69,"column":1}},"line":39},"5":{"name":"(anonymous_5)","decl":{"start":{"line":47,"column":29},"end":{"line":47,"column":30}},"loc":{"start":{"line":47,"column":39},"end":{"line":66,"column":3}},"line":47}},"branchMap":{"0":{"loc":{"start":{"line":1,"column":27},"end":{"line":1,"column":42}},"type":"default-arg","locations":[{"start":{"line":1,"column":41},"end":{"line":1,"column":42}}],"line":1},"1":{"loc":{"start":{"line":3,"column":26},"end":{"line":3,"column":35}},"type":"default-arg","locations":[{"start":{"line":3,"column":34},"end":{"line":3,"column":35}}],"line":3},"2":{"loc":{"start":{"line":6,"column":2},"end":{"line":15,"column":3}},"type":"if","locations":[{"start":{"line":6,"column":2},"end":{"line":15,"column":3}},{"start":{},"end":{}}],"line":6},"3":{"loc":{"start":{"line":6,"column":6},"end":{"line":6,"column":74}},"type":"binary-expr","locations":[{"start":{"line":6,"column":6},"end":{"line":6,"column":31}},{"start":{"line":6,"column":35},"end":{"line":6,"column":49}},{"start":{"line":6,"column":53},"end":{"line":6,"column":74}}],"line":6},"4":{"loc":{"start":{"line":17,"column":2},"end":{"line":19,"column":3}},"type":"if","locations":[{"start":{"line":17,"column":2},"end":{"line":19,"column":3}},{"start":{},"end":{}}],"line":17},"5":{"loc":{"start":{"line":17,"column":6},"end":{"line":17,"column":73}},"type":"binary-expr","locations":[{"start":{"line":17,"column":6},"end":{"line":17,"column":28}},{"start":{"line":17,"column":32},"end":{"line":17,"column":46}},{"start":{"line":17,"column":50},"end":{"line":17,"column":73}}],"line":17},"6":{"loc":{"start":{"line":28,"column":2},"end":{"line":30,"column":3}},"type":"if","locations":[{"start":{"line":28,"column":2},"end":{"line":30,"column":3}},{"start":{},"end":{}}],"line":28},"7":{"loc":{"start":{"line":32,"column":2},"end":{"line":34,"column":3}},"type":"if","locations":[{"start":{"line":32,"column":2},"end":{"line":34,"column":3}},{"start":{},"end":{}}],"line":32},"8":{"loc":{"start":{"line":32,"column":6},"end":{"line":32,"column":55}},"type":"binary-expr","locations":[{"start":{"line":32,"column":6},"end":{"line":32,"column":34}},{"start":{"line":32,"column":38},"end":{"line":32,"column":55}}],"line":32},"9":{"loc":{"start":{"line":39,"column":28},"end":{"line":39,"column":37}},"type":"default-arg","locations":[{"start":{"line":39,"column":36},"end":{"line":39,"column":37}}],"line":39},"10":{"loc":{"start":{"line":40,"column":2},"end":{"line":42,"column":3}},"type":"if","locations":[{"start":{"line":40,"column":2},"end":{"line":42,"column":3}},{"start":{},"end":{}}],"line":40},"11":{"loc":{"start":{"line":52,"column":4},"end":{"line":65,"column":5}},"type":"switch","locations":[{"start":{"line":53,"column":6},"end":{"line":54,"column":68}},{"start":{"line":55,"column":6},"end":{"line":56,"column":62}},{"start":{"line":57,"column":6},"end":{"line":58,"column":62}},{"start":{"line":59,"column":6},"end":{"line":60,"column":62}},{"start":{"line":61,"column":6},"end":{"line":62,"column":82}},{"start":{"line":63,"column":6},"end":{"line":64,"column":52}}],"line":52}},"s":{"0":1,"1":64,"2":1,"3":52,"4":52,"5":14,"6":14,"7":14,"8":18,"9":14,"10":38,"11":16,"12":22,"13":1,"14":8,"15":8,"16":8,"17":2,"18":6,"19":2,"20":4,"21":1,"22":10,"23":0,"24":10,"25":10,"26":10,"27":36,"28":36,"29":8,"30":10,"31":6,"32":4,"33":8,"34":0,"35":10},"f":{"0":64,"1":52,"2":18,"3":8,"4":10,"5":36},"b":{"0":[64],"1":[12],"2":[14,38],"3":[52,16,14],"4":[16,22],"5":[38,28,26],"6":[2,6],"7":[2,4],"8":[6,2],"9":[2],"10":[0,10],"11":[8,10,6,4,8,0]},"inputSourceMap":null,"_coverageSchema":"1a1c01bbd47fc00a2c39e90264f33305004495a9","hash":"35d7765d8f502d6ee68d177df55ed83905bf6e3d"}
,"/home/korotchenkosv/frontend-project-46/src/formatters/plain.js": {"path":"/home/korotchenkosv/frontend-project-46/src/formatters/plain.js","statementMap":{"0":{"start":{"line":1,"column":17},"end":{"line":10,"column":1}},"1":{"start":{"line":2,"column":34},"end":{"line":2,"column":38}},"2":{"start":{"line":3,"column":15},"end":{"line":3,"column":87}},"3":{"start":{"line":5,"column":2},"end":{"line":7,"column":3}},"4":{"start":{"line":6,"column":4},"end":{"line":6,"column":55}},"5":{"start":{"line":6,"column":33},"end":{"line":6,"column":54}},"6":{"start":{"line":9,"column":2},"end":{"line":9,"column":18}},"7":{"start":{"line":12,"column":17},"end":{"line":20,"column":1}},"8":{"start":{"line":13,"column":2},"end":{"line":15,"column":3}},"9":{"start":{"line":14,"column":4},"end":{"line":14,"column":16}},"10":{"start":{"line":16,"column":2},"end":{"line":18,"column":3}},"11":{"start":{"line":17,"column":4},"end":{"line":17,"column":23}},"12":{"start":{"line":19,"column":2},"end":{"line":19,"column":26}},"13":{"start":{"line":22,"column":18},"end":{"line":51,"column":1}},"14":{"start":{"line":23,"column":2},"end":{"line":25,"column":3}},"15":{"start":{"line":24,"column":4},"end":{"line":24,"column":25}},"16":{"start":{"line":27,"column":13},"end":{"line":46,"column":3}},"17":{"start":{"line":30,"column":8},"end":{"line":30,"column":12}},"18":{"start":{"line":32,"column":4},"end":{"line":45,"column":5}},"19":{"start":{"line":34,"column":8},"end":{"line":34,"column":73}},"20":{"start":{"line":36,"column":8},"end":{"line":36,"column":108}},"21":{"start":{"line":38,"column":8},"end":{"line":38,"column":79}},"22":{"start":{"line":40,"column":8},"end":{"line":40,"column":132}},"23":{"start":{"line":42,"column":8},"end":{"line":42,"column":20}},"24":{"start":{"line":44,"column":8},"end":{"line":44,"column":52}},"25":{"start":{"line":48,"column":17},"end":{"line":48,"column":51}},"26":{"start":{"line":50,"column":2},"end":{"line":50,"column":15}}},"fnMap":{"0":{"name":"(anonymous_0)","decl":{"start":{"line":1,"column":17},"end":{"line":1,"column":18}},"loc":{"start":{"line":1,"column":40},"end":{"line":10,"column":1}},"line":1},"1":{"name":"(anonymous_1)","decl":{"start":{"line":6,"column":24},"end":{"line":6,"column":25}},"loc":{"start":{"line":6,"column":33},"end":{"line":6,"column":54}},"line":6},"2":{"name":"(anonymous_2)","decl":{"start":{"line":12,"column":17},"end":{"line":12,"column":18}},"loc":{"start":{"line":12,"column":28},"end":{"line":20,"column":1}},"line":12},"3":{"name":"(anonymous_3)","decl":{"start":{"line":22,"column":18},"end":{"line":22,"column":19}},"loc":{"start":{"line":22,"column":45},"end":{"line":51,"column":1}},"line":22},"4":{"name":"(anonymous_4)","decl":{"start":{"line":27,"column":13},"end":{"line":27,"column":14}},"loc":{"start":{"line":27,"column":30},"end":{"line":46,"column":3}},"line":27}},"branchMap":{"0":{"loc":{"start":{"line":1,"column":24},"end":{"line":1,"column":35}},"type":"default-arg","locations":[{"start":{"line":1,"column":33},"end":{"line":1,"column":35}}],"line":1},"1":{"loc":{"start":{"line":3,"column":15},"end":{"line":3,"column":87}},"type":"cond-expr","locations":[{"start":{"line":3,"column":49},"end":{"line":3,"column":67}},{"start":{"line":3,"column":70},"end":{"line":3,"column":87}}],"line":3},"2":{"loc":{"start":{"line":3,"column":15},"end":{"line":3,"column":46}},"type":"binary-expr","locations":[{"start":{"line":3,"column":15},"end":{"line":3,"column":21}},{"start":{"line":3,"column":25},"end":{"line":3,"column":46}}],"line":3},"3":{"loc":{"start":{"line":5,"column":2},"end":{"line":7,"column":3}},"type":"if","locations":[{"start":{"line":5,"column":2},"end":{"line":7,"column":3}},{"start":{},"end":{}}],"line":5},"4":{"loc":{"start":{"line":13,"column":2},"end":{"line":15,"column":3}},"type":"if","locations":[{"start":{"line":13,"column":2},"end":{"line":15,"column":3}},{"start":{},"end":{}}],"line":13},"5":{"loc":{"start":{"line":13,"column":6},"end":{"line":13,"column":78}},"type":"binary-expr","locations":[{"start":{"line":13,"column":6},"end":{"line":13,"column":19}},{"start":{"line":13,"column":23},"end":{"line":13,"column":49}},{"start":{"line":13,"column":53},"end":{"line":13,"column":78}}],"line":13},"6":{"loc":{"start":{"line":16,"column":2},"end":{"line":18,"column":3}},"type":"if","locations":[{"start":{"line":16,"column":2},"end":{"line":18,"column":3}},{"start":{},"end":{}}],"line":16},"7":{"loc":{"start":{"line":16,"column":6},"end":{"line":16,"column":49}},"type":"binary-expr","locations":[{"start":{"line":16,"column":6},"end":{"line":16,"column":31}},{"start":{"line":16,"column":35},"end":{"line":16,"column":49}}],"line":16},"8":{"loc":{"start":{"line":22,"column":29},"end":{"line":22,"column":40}},"type":"default-arg","locations":[{"start":{"line":22,"column":38},"end":{"line":22,"column":40}}],"line":22},"9":{"loc":{"start":{"line":23,"column":2},"end":{"line":25,"column":3}},"type":"if","locations":[{"start":{"line":23,"column":2},"end":{"line":25,"column":3}},{"start":{},"end":{}}],"line":23},"10":{"loc":{"start":{"line":32,"column":4},"end":{"line":45,"column":5}},"type":"switch","locations":[{"start":{"line":33,"column":6},"end":{"line":34,"column":73}},{"start":{"line":35,"column":6},"end":{"line":36,"column":108}},{"start":{"line":37,"column":6},"end":{"line":38,"column":79}},{"start":{"line":39,"column":6},"end":{"line":40,"column":132}},{"start":{"line":41,"column":6},"end":{"line":42,"column":20}},{"start":{"line":43,"column":6},"end":{"line":44,"column":52}}],"line":32}},"s":{"0":1,"1":22,"2":22,"3":22,"4":0,"5":0,"6":22,"7":1,"8":26,"9":6,"10":20,"11":14,"12":6,"13":1,"14":10,"15":0,"16":10,"17":36,"18":36,"19":8,"20":10,"21":4,"22":8,"23":6,"24":0,"25":10,"26":10},"f":{"0":22,"1":0,"2":26,"3":10,"4":36},"b":{"0":[0],"1":[0,22],"2":[22,18],"3":[0,22],"4":[6,20],"5":[26,24,20],"6":[14,6],"7":[20,6],"8":[2],"9":[0,10],"10":[8,10,4,8,6,0]},"inputSourceMap":null,"_coverageSchema":"1a1c01bbd47fc00a2c39e90264f33305004495a9","hash":"b1ba39ab15371ac34fecb4c6447557629cc609c5"}
,"/home/korotchenkosv/frontend-project-46/src/formatters/stylish.js": {"path":"/home/korotchenkosv/frontend-project-46/src/formatters/stylish.js","statementMap":{"0":{"start":{"line":1,"column":16},"end":{"line":6,"column":1}},"1":{"start":{"line":8,"column":19},"end":{"line":10,"column":42}},"2":{"start":{"line":8,"column":62},"end":{"line":10,"column":42}},"3":{"start":{"line":11,"column":26},"end":{"line":11,"column":98}},"4":{"start":{"line":11,"column":54},"end":{"line":11,"column":98}},"5":{"start":{"line":13,"column":18},"end":{"line":28,"column":1}},"6":{"start":{"line":14,"column":17},"end":{"line":14,"column":38}},"7":{"start":{"line":15,"column":24},"end":{"line":15,"column":48}},"8":{"start":{"line":17,"column":2},"end":{"line":26,"column":3}},"9":{"start":{"line":18,"column":18},"end":{"line":20,"column":95}},"10":{"start":{"line":20,"column":27},"end":{"line":20,"column":94}},"11":{"start":{"line":21,"column":4},"end":{"line":25,"column":16}},"12":{"start":{"line":27,"column":2},"end":{"line":27,"column":19}},"13":{"start":{"line":30,"column":20},"end":{"line":67,"column":1}},"14":{"start":{"line":31,"column":2},"end":{"line":33,"column":3}},"15":{"start":{"line":32,"column":4},"end":{"line":32,"column":25}},"16":{"start":{"line":35,"column":17},"end":{"line":35,"column":34}},"17":{"start":{"line":36,"column":24},"end":{"line":36,"column":52}},"18":{"start":{"line":38,"column":16},"end":{"line":60,"column":4}},"19":{"start":{"line":41,"column":8},"end":{"line":41,"column":12}},"20":{"start":{"line":43,"column":4},"end":{"line":59,"column":5}},"21":{"start":{"line":45,"column":8},"end":{"line":45,"column":89}},"22":{"start":{"line":47,"column":8},"end":{"line":47,"column":76}},"23":{"start":{"line":49,"column":8},"end":{"line":49,"column":80}},"24":{"start":{"line":51,"column":8},"end":{"line":51,"column":78}},"25":{"start":{"line":53,"column":8},"end":{"line":56,"column":9}},"26":{"start":{"line":58,"column":8},"end":{"line":58,"column":52}},"27":{"start":{"line":62,"column":2},"end":{"line":66,"column":14}}},"fnMap":{"0":{"name":"(anonymous_0)","decl":{"start":{"line":8,"column":19},"end":{"line":8,"column":20}},"loc":{"start":{"line":8,"column":62},"end":{"line":10,"column":42}},"line":8},"1":{"name":"(anonymous_1)","decl":{"start":{"line":11,"column":26},"end":{"line":11,"column":27}},"loc":{"start":{"line":11,"column":54},"end":{"line":11,"column":98}},"line":11},"2":{"name":"(anonymous_2)","decl":{"start":{"line":13,"column":18},"end":{"line":13,"column":19}},"loc":{"start":{"line":13,"column":40},"end":{"line":28,"column":1}},"line":13},"3":{"name":"(anonymous_3)","decl":{"start":{"line":20,"column":11},"end":{"line":20,"column":12}},"loc":{"start":{"line":20,"column":27},"end":{"line":20,"column":94}},"line":20},"4":{"name":"(anonymous_4)","decl":{"start":{"line":30,"column":20},"end":{"line":30,"column":21}},"loc":{"start":{"line":30,"column":45},"end":{"line":67,"column":1}},"line":30},"5":{"name":"(anonymous_5)","decl":{"start":{"line":38,"column":33},"end":{"line":38,"column":34}},"loc":{"start":{"line":38,"column":43},"end":{"line":60,"column":3}},"line":38}},"branchMap":{"0":{"loc":{"start":{"line":8,"column":27},"end":{"line":8,"column":42}},"type":"default-arg","locations":[{"start":{"line":8,"column":41},"end":{"line":8,"column":42}}],"line":8},"1":{"loc":{"start":{"line":8,"column":44},"end":{"line":8,"column":57}},"type":"default-arg","locations":[{"start":{"line":8,"column":56},"end":{"line":8,"column":57}}],"line":8},"2":{"loc":{"start":{"line":11,"column":34},"end":{"line":11,"column":49}},"type":"default-arg","locations":[{"start":{"line":11,"column":48},"end":{"line":11,"column":49}}],"line":11},"3":{"loc":{"start":{"line":13,"column":26},"end":{"line":13,"column":35}},"type":"default-arg","locations":[{"start":{"line":13,"column":34},"end":{"line":13,"column":35}}],"line":13},"4":{"loc":{"start":{"line":17,"column":2},"end":{"line":26,"column":3}},"type":"if","locations":[{"start":{"line":17,"column":2},"end":{"line":26,"column":3}},{"start":{},"end":{}}],"line":17},"5":{"loc":{"start":{"line":17,"column":6},"end":{"line":17,"column":74}},"type":"binary-expr","locations":[{"start":{"line":17,"column":6},"end":{"line":17,"column":31}},{"start":{"line":17,"column":35},"end":{"line":17,"column":49}},{"start":{"line":17,"column":53},"end":{"line":17,"column":74}}],"line":17},"6":{"loc":{"start":{"line":30,"column":31},"end":{"line":30,"column":40}},"type":"default-arg","locations":[{"start":{"line":30,"column":39},"end":{"line":30,"column":40}}],"line":30},"7":{"loc":{"start":{"line":31,"column":2},"end":{"line":33,"column":3}},"type":"if","locations":[{"start":{"line":31,"column":2},"end":{"line":33,"column":3}},{"start":{},"end":{}}],"line":31},"8":{"loc":{"start":{"line":43,"column":4},"end":{"line":59,"column":5}},"type":"switch","locations":[{"start":{"line":44,"column":6},"end":{"line":45,"column":89}},{"start":{"line":46,"column":6},"end":{"line":47,"column":76}},{"start":{"line":48,"column":6},"end":{"line":49,"column":80}},{"start":{"line":50,"column":6},"end":{"line":51,"column":78}},{"start":{"line":52,"column":6},"end":{"line":56,"column":9}},{"start":{"line":57,"column":6},"end":{"line":58,"column":52}}],"line":43}},"s":{"0":1,"1":1,"2":64,"3":1,"4":64,"5":1,"6":54,"7":54,"8":54,"9":14,"10":18,"11":14,"12":40,"13":1,"14":10,"15":0,"16":10,"17":10,"18":10,"19":36,"20":36,"21":8,"22":10,"23":6,"24":4,"25":8,"26":0,"27":10},"f":{"0":64,"1":64,"2":54,"3":18,"4":10,"5":36},"b":{"0":[64],"1":[64],"2":[64],"3":[0],"4":[14,40],"5":[54,16,14],"6":[2],"7":[0,10],"8":[8,10,6,4,8,0]},"inputSourceMap":null,"_coverageSchema":"1a1c01bbd47fc00a2c39e90264f33305004495a9","hash":"105a6baf3299b69fcf5b38536a1bd110cf4068d6"}
}
