TN:
SF:index.js
FN:4,(anonymous_0)
FNF:1
FNH:1
FNDA:2,(anonymous_0)
DA:4,1
DA:5,2
DA:6,2
DA:7,2
LF:4
LH:4
BRF:0
BRH:0
end_of_record
TN:
SF:src/compare.js
FN:3,(anonymous_0)
FN:8,(anonymous_1)
FNF:2
FNH:2
FNDA:2,(anonymous_0)
FNDA:10,(anonymous_1)
DA:3,1
DA:4,2
DA:5,2
DA:8,2
DA:9,10
DA:10,2
DA:12,8
DA:13,4
DA:15,4
DA:16,2
DA:18,2
DA:22,2
LF:12
LH:12
BRDA:9,0,0,2
BRDA:9,0,1,8
BRDA:12,1,0,4
BRDA:12,1,1,4
BRDA:15,2,0,2
BRDA:15,2,1,2
BRF:6
BRH:6
end_of_record
TN:
SF:src/parse.js
FN:5,(anonymous_0)
FN:14,(anonymous_1)
FN:16,(anonymous_2)
FN:24,(anonymous_3)
FN:38,(anonymous_4)
FNF:5
FNH:5
FNDA:4,(anonymous_0)
FNDA:2,(anonymous_1)
FNDA:2,(anonymous_2)
FNDA:4,(anonymous_3)
FNDA:4,(anonymous_4)
DA:5,1
DA:6,4
DA:7,4
DA:8,4
DA:10,0
DA:14,2
DA:16,1
DA:17,2
DA:18,2
DA:20,0
DA:24,1
DA:25,4
DA:27,4
DA:29,2
DA:32,2
DA:34,0
DA:38,1
DA:39,4
DA:40,4
DA:41,4
LF:20
LH:17
BRDA:27,0,0,2
BRDA:27,0,1,0
BRDA:27,0,2,2
BRDA:27,0,3,0
BRF:4
BRH:2
end_of_record
