TN:
SF:index.js
FN:4,(anonymous_0)
FNF:1
FNH:1
FNDA:1,(anonymous_0)
DA:4,1
DA:5,1
DA:6,1
DA:7,1
LF:4
LH:4
BRF:0
BRH:0
end_of_record
TN:
SF:src/compare.js
FN:3,(anonymous_0)
FN:8,(anonymous_1)
FNF:2
FNH:2
FNDA:1,(anonymous_0)
FNDA:5,(anonymous_1)
DA:3,1
DA:4,1
DA:5,1
DA:8,1
DA:9,5
DA:10,1
DA:12,4
DA:13,2
DA:15,2
DA:16,1
DA:18,1
DA:22,1
LF:12
LH:12
BRDA:9,0,0,1
BRDA:9,0,1,4
BRDA:12,1,0,2
BRDA:12,1,1,2
BRDA:15,2,0,1
BRDA:15,2,1,1
BRF:6
BRH:6
end_of_record
TN:
SF:src/parse.js
FN:4,(anonymous_0)
FN:13,(anonymous_1)
FN:15,(anonymous_2)
FN:26,(anonymous_3)
FNF:4
FNH:4
FNDA:2,(anonymous_0)
FNDA:2,(anonymous_1)
FNDA:2,(anonymous_2)
FNDA:2,(anonymous_3)
DA:4,1
DA:5,2
DA:6,2
DA:7,2
DA:9,0
DA:13,2
DA:15,1
DA:16,2
DA:18,2
DA:20,2
DA:22,0
DA:26,1
DA:27,2
DA:28,2
DA:29,2
LF:15
LH:13
BRDA:18,0,0,2
BRDA:18,0,1,0
BRF:2
BRH:1
end_of_record
